CoronaGuide/android/app/build/outputs/mapping/release/mapping.txt
# compiler: R8
# compiler_version: 1.4.94
# min_api: 16
com.levimake.staysafefromcoronavirus.MainActivity -> com.levimake.staysafefromcoronavirus.MainActivity:
    java.lang.String getMainComponentName() -> p
com.levimake.staysafefromcoronavirus.MainApplication -> com.levimake.staysafefromcoronavirus.MainApplication:
    com.facebook.react.ReactNativeHost mReactNativeHost -> a
    com.facebook.react.ReactNativeHost getReactNativeHost() -> a
    void initializeFlipper(android.content.Context) -> a
com.levimake.staysafefromcoronavirus.MainApplication$1 -> com.levimake.staysafefromcoronavirus.a:
    com.levimake.staysafefromcoronavirus.MainApplication this$0 -> c
    java.lang.String getJSMainModuleName() -> e
    java.util.List getPackages() -> g
    boolean getUseDeveloperSupport() -> k
...
com.google.android.gms.internal.ads.zzave -> com.google.android.gms.internal.ads.Pj:
    com.google.android.gms.internal.ads.zzaug zzb(java.lang.String,java.lang.String,int) -> a
com.google.android.gms.internal.ads.zzavf -> com.google.android.gms.internal.ads.Qj:
    java.util.logging.Logger logger -> a
    com.google.android.gms.internal.ads.zzauf zza(com.google.android.gms.internal.ads.zzauh) -> a
com.google.android.gms.internal.ads.zzavg -> com.google.android.gms.internal.ads.Rj:
    com.google.android.gms.internal.ads.zzaum zzdhy -> a
    byte[] zzc(byte[],byte[]) -> a
com.google.android.gms.internal.ads.zzavh -> com.google.android.gms.internal.ads.Sj:
    com.google.android.gms.internal.ads.zzayv zza(com.google.android.gms.internal.ads.zzawy) -> a
    com.google.android.gms.internal.ads.zzayw zza(com.google.android.gms.internal.ads.zzawk) -> a
    java.lang.String zza(com.google.android.gms.internal.ads.zzaxa) -> a
    void zza(com.google.android.gms.internal.ads.zzawq) -> a
com.google.android.gms.internal.ads.zzavi -> com.google.android.gms.internal.ads.Tj:
    int[] zzdia -> b
    int[] zzdib -> c
    int[] zzdhz -> a
com.google.android.gms.internal.ads.zzavj -> com.google.android.gms.internal.ads.Uj:
    com.google.android.gms.internal.ads.zzavo zzdif -> d
    java.lang.String zzdic -> a
    int zzdig -> e
    int zzdid -> b
    com.google.android.gms.internal.ads.zzawe zzdie -> c
    com.google.android.gms.internal.ads.zzatz zzi(byte[]) -> a
    int zzwm() -> a
com.google.android.gms.internal.ads.zzavk -> com.google.android.gms.internal.ads.Vj:
    void zza(com.google.android.gms.internal.ads.zzaxg) -> a
    com.google.android.gms.internal.ads.zzbcu zzb(com.google.android.gms.internal.ads.zzbcu) -> a
    com.google.android.gms.internal.ads.zzaxi zzc(com.google.android.gms.internal.ads.zzbah) -> a
    java.lang.Object zza(com.google.android.gms.internal.ads.zzbcu) -> b
    com.google.android.gms.internal.ads.zzbcu zzb(com.google.android.gms.internal.ads.zzbah) -> b
    java.lang.Object zza(com.google.android.gms.internal.ads.zzbah) -> c
    com.google.android.gms.internal.ads.zzauk zzh(com.google.android.gms.internal.ads.zzbah) -> d
com.google.android.gms.internal.ads.zzavl -> com.google.android.gms.internal.ads.Wj:
    int[] zzdhz -> a
com.google.android.gms.internal.ads.zzavm -> com.google.android.gms.internal.ads.Xj:
    com.google.android.gms.internal.ads.zzaug zzb(java.lang.String,java.lang.String,int) -> a
com.google.android.gms.internal.ads.zzavn -> com.google.android.gms.internal.ads.Yj:
    com.google.android.gms.internal.ads.zzayf zzdht -> a
    com.google.android.gms.internal.ads.zzayf zzdhu -> b
    void zzwk() -> a
com.google.android.gms.internal.ads.zzavo -> com.google.android.gms.internal.ads.Zj:
    java.lang.Object zza(int,java.lang.Object,java.lang.Object) -> a
    void zza(com.google.android.gms.internal.ads.zzavo,int) -> a
    void zza(com.google.android.gms.internal.ads.zzavo,com.google.android.gms.internal.ads.zzavs) -> a
    void zza(com.google.android.gms.internal.ads.zzavo,com.google.android.gms.internal.ads.zzaxc) -> a
    void zza(com.google.android.gms.internal.ads.zzavs) -> a
    void zza(com.google.android.gms.internal.ads.zzaxc) -> a
    com.google.android.gms.internal.ads.zzavo zzi(com.google.android.gms.internal.ads.zzbah) -> a
    void setVersion(int) -> b
    int getVersion() -> i
    com.google.android.gms.internal.ads.zzavs zzwn() -> j
    com.google.android.gms.internal.ads.zzaxc zzwo() -> k
    com.google.android.gms.internal.ads.zzavo$zza zzwp() -> l
    com.google.android.gms.internal.ads.zzavo zzwq() -> p
com.google.android.gms.internal.ads.zzavo$zza -> com.google.android.gms.internal.ads.Zj$a:
    com.google.android.gms.internal.ads.zzavo$zza zzal(int) -> a
    com.google.android.gms.internal.ads.zzavo$zza zzb(com.google.android.gms.internal.ads.zzavs) -> a
    com.google.android.gms.internal.ads.zzavo$zza zzb(com.google.android.gms.internal.ads.zzaxc) -> a